<?xml version="1.0" encoding="UTF-8"?>
<coverage generated="1583691618704" clover="3.2.0">
  <project timestamp="1583691618704" name="All files">
    <metrics statements="10" coveredstatements="10" conditionals="4" coveredconditionals="4" methods="5" coveredmethods="5" elements="19" coveredelements="19" complexity="0" loc="10" ncloc="10" packages="1" files="1" classes="1"/>
    <file name="hungrybear.js" path="/Users/supriya/Desktop/Hungry-bear/src/hungrybear.js">
      <metrics statements="10" coveredstatements="10" conditionals="4" coveredconditionals="4" methods="5" coveredmethods="5"/>
      <line num="4" count="12" type="stmt"/>
      <line num="5" count="12" type="stmt"/>
      <line num="9" count="6" type="stmt"/>
      <line num="10" count="32" type="stmt"/>
      <line num="14" count="4" type="cond" truecount="2" falsecount="0"/>
      <line num="15" count="1" type="stmt"/>
      <line num="17" count="3" type="stmt"/>
      <line num="22" count="2" type="cond" truecount="2" falsecount="0"/>
      <line num="23" count="1" type="stmt"/>
      <line num="25" count="1" type="stmt"/>
    </file>
  </project>
</coverage>
